[2024-08-17 15:13:08,787::train::INFO] Experiment ID: 2024-08-17T15:13:08.785846
[2024-08-17 15:13:08,787::train::INFO] ========== Build Model ==========
[2024-08-17 15:13:10,295::train::INFO] === The number of parameters in model: 67.0730 K === 
[2024-08-17 15:13:10,295::train::INFO] Namespace(batch_size=32, beta=0.01, block_num=3, bn_size=1, ckpt_path='./pretrained_model/pugan/ckpt/ckpt-epoch-60.pth', dataset='pugan', double_4X=False, epochs=60, feat_dim=32, gamma=0.5, growth_rate=32, h5_file_path='./data/PU-GAN/train/PUGAN_poisson_256_poisson_1024.h5', jitter_max=0.03, jitter_sigma=0.01, k=16, layer_num=3, local_sigma=0.02, lr=0.001, lr_decay_step=20, max_dist=0.2, num_iterations=10, num_points=256, num_workers=4, optim='adam', out_path='./output', patch_rate=3, print_rate=200, save_dir='pcd', save_rate=10, seed=21, skip_rate=1, test_input_path='./data/PU-GAN/test_pointcloud/input_2048_4X/input_2048/', test_step_size=50, truncate_distance=False, up_rate=4, use_random_input=True, use_smooth_loss=False, weight_decay=0)
[2024-08-17 15:13:10,296::train::INFO] P2PNet(
  (feature_extractor): FeatureExtractor(
    (conv_init): Sequential(
      (0): Conv1d(3, 32, kernel_size=(1,), stride=(1,))
      (1): BatchNorm1d(32, eps=1e-05, momentum=0.1, affine=True, track_running_stats=True)
      (2): ReLU(inplace=True)
    )
    (dense_blocks): ModuleList(
      (0): ModuleList(
        (0): DenseUnit(
          (dense_layers): ModuleList(
            (0): DenseLayer(
              (conv_bottle): Sequential(
                (0): Conv1d(32, 32, kernel_size=(1,), stride=(1,))
                (1): BatchNorm1d(32, eps=1e-05, momentum=0.1, affine=True, track_running_stats=True)
                (2): ReLU(inplace=True)
              )
              (point_conv): Point3DConv(
                (conv_delta): Sequential(
                  (0): Conv2d(3, 32, kernel_size=(1, 1), stride=(1, 1))
                  (1): BatchNorm2d(32, eps=1e-05, momentum=0.1, affine=True, track_running_stats=True)
                  (2): ReLU(inplace=True)
                )
                (conv_feats): Sequential(
                  (0): Conv2d(32, 32, kernel_size=(1, 1), stride=(1, 1))
                  (1): BatchNorm2d(32, eps=1e-05, momentum=0.1, affine=True, track_running_stats=True)
                  (2): ReLU(inplace=True)
                )
                (post_conv): Sequential(
                  (0): Conv2d(32, 32, kernel_size=(1, 1), stride=(1, 1))
                  (1): BatchNorm2d(32, eps=1e-05, momentum=0.1, affine=True, track_running_stats=True)
                  (2): ReLU(inplace=True)
                )
              )
            )
            (1): DenseLayer(
              (conv_bottle): Sequential(
                (0): Conv1d(64, 32, kernel_size=(1,), stride=(1,))
                (1): BatchNorm1d(32, eps=1e-05, momentum=0.1, affine=True, track_running_stats=True)
                (2): ReLU(inplace=True)
              )
              (point_conv): Point3DConv(
                (conv_delta): Sequential(
                  (0): Conv2d(3, 32, kernel_size=(1, 1), stride=(1, 1))
                  (1): BatchNorm2d(32, eps=1e-05, momentum=0.1, affine=True, track_running_stats=True)
                  (2): ReLU(inplace=True)
                )
                (conv_feats): Sequential(
                  (0): Conv2d(32, 32, kernel_size=(1, 1), stride=(1, 1))
                  (1): BatchNorm2d(32, eps=1e-05, momentum=0.1, affine=True, track_running_stats=True)
                  (2): ReLU(inplace=True)
                )
                (post_conv): Sequential(
                  (0): Conv2d(32, 32, kernel_size=(1, 1), stride=(1, 1))
                  (1): BatchNorm2d(32, eps=1e-05, momentum=0.1, affine=True, track_running_stats=True)
                  (2): ReLU(inplace=True)
                )
              )
            )
            (2): DenseLayer(
              (conv_bottle): Sequential(
                (0): Conv1d(96, 32, kernel_size=(1,), stride=(1,))
                (1): BatchNorm1d(32, eps=1e-05, momentum=0.1, affine=True, track_running_stats=True)
                (2): ReLU(inplace=True)
              )
              (point_conv): Point3DConv(
                (conv_delta): Sequential(
                  (0): Conv2d(3, 32, kernel_size=(1, 1), stride=(1, 1))
                  (1): BatchNorm2d(32, eps=1e-05, momentum=0.1, affine=True, track_running_stats=True)
                  (2): ReLU(inplace=True)
                )
                (conv_feats): Sequential(
                  (0): Conv2d(32, 32, kernel_size=(1, 1), stride=(1, 1))
                  (1): BatchNorm2d(32, eps=1e-05, momentum=0.1, affine=True, track_running_stats=True)
                  (2): ReLU(inplace=True)
                )
                (post_conv): Sequential(
                  (0): Conv2d(32, 32, kernel_size=(1, 1), stride=(1, 1))
                  (1): BatchNorm2d(32, eps=1e-05, momentum=0.1, affine=True, track_running_stats=True)
                  (2): ReLU(inplace=True)
                )
              )
            )
          )
        )
        (1): Transition(
          (trans): Sequential(
            (0): Conv1d(128, 32, kernel_size=(1,), stride=(1,))
            (1): BatchNorm1d(32, eps=1e-05, momentum=0.1, affine=True, track_running_stats=True)
            (2): ReLU(inplace=True)
          )
        )
      )
      (1): ModuleList(
        (0): DenseUnit(
          (dense_layers): ModuleList(
            (0): DenseLayer(
              (conv_bottle): Sequential(
                (0): Conv1d(32, 32, kernel_size=(1,), stride=(1,))
                (1): BatchNorm1d(32, eps=1e-05, momentum=0.1, affine=True, track_running_stats=True)
                (2): ReLU(inplace=True)
              )
              (point_conv): Point3DConv(
                (conv_delta): Sequential(
                  (0): Conv2d(3, 32, kernel_size=(1, 1), stride=(1, 1))
                  (1): BatchNorm2d(32, eps=1e-05, momentum=0.1, affine=True, track_running_stats=True)
                  (2): ReLU(inplace=True)
                )
                (conv_feats): Sequential(
                  (0): Conv2d(32, 32, kernel_size=(1, 1), stride=(1, 1))
                  (1): BatchNorm2d(32, eps=1e-05, momentum=0.1, affine=True, track_running_stats=True)
                  (2): ReLU(inplace=True)
                )
                (post_conv): Sequential(
                  (0): Conv2d(32, 32, kernel_size=(1, 1), stride=(1, 1))
                  (1): BatchNorm2d(32, eps=1e-05, momentum=0.1, affine=True, track_running_stats=True)
                  (2): ReLU(inplace=True)
                )
              )
            )
            (1): DenseLayer(
              (conv_bottle): Sequential(
                (0): Conv1d(64, 32, kernel_size=(1,), stride=(1,))
                (1): BatchNorm1d(32, eps=1e-05, momentum=0.1, affine=True, track_running_stats=True)
                (2): ReLU(inplace=True)
              )
              (point_conv): Point3DConv(
                (conv_delta): Sequential(
                  (0): Conv2d(3, 32, kernel_size=(1, 1), stride=(1, 1))
                  (1): BatchNorm2d(32, eps=1e-05, momentum=0.1, affine=True, track_running_stats=True)
                  (2): ReLU(inplace=True)
                )
                (conv_feats): Sequential(
                  (0): Conv2d(32, 32, kernel_size=(1, 1), stride=(1, 1))
                  (1): BatchNorm2d(32, eps=1e-05, momentum=0.1, affine=True, track_running_stats=True)
                  (2): ReLU(inplace=True)
                )
                (post_conv): Sequential(
                  (0): Conv2d(32, 32, kernel_size=(1, 1), stride=(1, 1))
                  (1): BatchNorm2d(32, eps=1e-05, momentum=0.1, affine=True, track_running_stats=True)
                  (2): ReLU(inplace=True)
                )
              )
            )
            (2): DenseLayer(
              (conv_bottle): Sequential(
                (0): Conv1d(96, 32, kernel_size=(1,), stride=(1,))
                (1): BatchNorm1d(32, eps=1e-05, momentum=0.1, affine=True, track_running_stats=True)
                (2): ReLU(inplace=True)
              )
              (point_conv): Point3DConv(
                (conv_delta): Sequential(
                  (0): Conv2d(3, 32, kernel_size=(1, 1), stride=(1, 1))
                  (1): BatchNorm2d(32, eps=1e-05, momentum=0.1, affine=True, track_running_stats=True)
                  (2): ReLU(inplace=True)
                )
                (conv_feats): Sequential(
                  (0): Conv2d(32, 32, kernel_size=(1, 1), stride=(1, 1))
                  (1): BatchNorm2d(32, eps=1e-05, momentum=0.1, affine=True, track_running_stats=True)
                  (2): ReLU(inplace=True)
                )
                (post_conv): Sequential(
                  (0): Conv2d(32, 32, kernel_size=(1, 1), stride=(1, 1))
                  (1): BatchNorm2d(32, eps=1e-05, momentum=0.1, affine=True, track_running_stats=True)
                  (2): ReLU(inplace=True)
                )
              )
            )
          )
        )
        (1): Transition(
          (trans): Sequential(
            (0): Conv1d(128, 32, kernel_size=(1,), stride=(1,))
            (1): BatchNorm1d(32, eps=1e-05, momentum=0.1, affine=True, track_running_stats=True)
            (2): ReLU(inplace=True)
          )
        )
      )
      (2): ModuleList(
        (0): DenseUnit(
          (dense_layers): ModuleList(
            (0): DenseLayer(
              (conv_bottle): Sequential(
                (0): Conv1d(32, 32, kernel_size=(1,), stride=(1,))
                (1): BatchNorm1d(32, eps=1e-05, momentum=0.1, affine=True, track_running_stats=True)
                (2): ReLU(inplace=True)
              )
              (point_conv): Point3DConv(
                (conv_delta): Sequential(
                  (0): Conv2d(3, 32, kernel_size=(1, 1), stride=(1, 1))
                  (1): BatchNorm2d(32, eps=1e-05, momentum=0.1, affine=True, track_running_stats=True)
                  (2): ReLU(inplace=True)
                )
                (conv_feats): Sequential(
                  (0): Conv2d(32, 32, kernel_size=(1, 1), stride=(1, 1))
                  (1): BatchNorm2d(32, eps=1e-05, momentum=0.1, affine=True, track_running_stats=True)
                  (2): ReLU(inplace=True)
                )
                (post_conv): Sequential(
                  (0): Conv2d(32, 32, kernel_size=(1, 1), stride=(1, 1))
                  (1): BatchNorm2d(32, eps=1e-05, momentum=0.1, affine=True, track_running_stats=True)
                  (2): ReLU(inplace=True)
                )
              )
            )
            (1): DenseLayer(
              (conv_bottle): Sequential(
                (0): Conv1d(64, 32, kernel_size=(1,), stride=(1,))
                (1): BatchNorm1d(32, eps=1e-05, momentum=0.1, affine=True, track_running_stats=True)
                (2): ReLU(inplace=True)
              )
              (point_conv): Point3DConv(
                (conv_delta): Sequential(
                  (0): Conv2d(3, 32, kernel_size=(1, 1), stride=(1, 1))
                  (1): BatchNorm2d(32, eps=1e-05, momentum=0.1, affine=True, track_running_stats=True)
                  (2): ReLU(inplace=True)
                )
                (conv_feats): Sequential(
                  (0): Conv2d(32, 32, kernel_size=(1, 1), stride=(1, 1))
                  (1): BatchNorm2d(32, eps=1e-05, momentum=0.1, affine=True, track_running_stats=True)
                  (2): ReLU(inplace=True)
                )
                (post_conv): Sequential(
                  (0): Conv2d(32, 32, kernel_size=(1, 1), stride=(1, 1))
                  (1): BatchNorm2d(32, eps=1e-05, momentum=0.1, affine=True, track_running_stats=True)
                  (2): ReLU(inplace=True)
                )
              )
            )
            (2): DenseLayer(
              (conv_bottle): Sequential(
                (0): Conv1d(96, 32, kernel_size=(1,), stride=(1,))
                (1): BatchNorm1d(32, eps=1e-05, momentum=0.1, affine=True, track_running_stats=True)
                (2): ReLU(inplace=True)
              )
              (point_conv): Point3DConv(
                (conv_delta): Sequential(
                  (0): Conv2d(3, 32, kernel_size=(1, 1), stride=(1, 1))
                  (1): BatchNorm2d(32, eps=1e-05, momentum=0.1, affine=True, track_running_stats=True)
                  (2): ReLU(inplace=True)
                )
                (conv_feats): Sequential(
                  (0): Conv2d(32, 32, kernel_size=(1, 1), stride=(1, 1))
                  (1): BatchNorm2d(32, eps=1e-05, momentum=0.1, affine=True, track_running_stats=True)
                  (2): ReLU(inplace=True)
                )
                (post_conv): Sequential(
                  (0): Conv2d(32, 32, kernel_size=(1, 1), stride=(1, 1))
                  (1): BatchNorm2d(32, eps=1e-05, momentum=0.1, affine=True, track_running_stats=True)
                  (2): ReLU(inplace=True)
                )
              )
            )
          )
        )
        (1): Transition(
          (trans): Sequential(
            (0): Conv1d(128, 32, kernel_size=(1,), stride=(1,))
            (1): BatchNorm1d(32, eps=1e-05, momentum=0.1, affine=True, track_running_stats=True)
            (2): ReLU(inplace=True)
          )
        )
      )
    )
  )
  (p2p_regressor): P2PRegressor(
    (mlp_0): Conv1d(163, 64, kernel_size=(1,), stride=(1,))
    (mlp_1): Conv1d(64, 32, kernel_size=(1,), stride=(1,))
    (mlp_2): Conv1d(32, 16, kernel_size=(1,), stride=(1,))
    (mlp_3): Conv1d(16, 1, kernel_size=(1,), stride=(1,))
    (actvn): ReLU()
  )
)
[2024-08-17 15:13:10,298::train::INFO] ========== Begin Training ==========
[2024-08-17 15:13:10,298::train::INFO] ********* Epoch 1 *********
Loaded compiled 3D CUDA chamfer distance
[2024-08-17 15:14:16,972::train::INFO] epoch: 1/60, iters: 200/750, loss: 10.665171
[2024-08-17 15:15:25,994::train::INFO] epoch: 1/60, iters: 400/750, loss: 9.962861
[2024-08-17 15:16:36,080::train::INFO] epoch: 1/60, iters: 600/750, loss: 9.698650
[2024-08-17 15:17:28,061::train::INFO] epoch: 1/60, avg epoch loss: 9.595506, time: 4 mins 23.1 secs
[2024-08-17 15:17:28,061::train::INFO] ********* Epoch 2 *********
[2024-08-17 15:18:37,823::train::INFO] epoch: 2/60, iters: 200/750, loss: 9.168050
[2024-08-17 15:19:47,821::train::INFO] epoch: 2/60, iters: 400/750, loss: 9.160973
[2024-08-17 15:20:57,478::train::INFO] epoch: 2/60, iters: 600/750, loss: 9.157956
[2024-08-17 15:21:49,866::train::INFO] epoch: 2/60, avg epoch loss: 9.147542, time: 8 mins 44.9 secs
[2024-08-17 15:21:49,866::train::INFO] ********* Epoch 3 *********
[2024-08-17 15:22:59,676::train::INFO] epoch: 3/60, iters: 200/750, loss: 9.138305
[2024-08-17 15:24:09,917::train::INFO] epoch: 3/60, iters: 400/750, loss: 9.136138
[2024-08-17 15:25:19,707::train::INFO] epoch: 3/60, iters: 600/750, loss: 9.125660
[2024-08-17 15:26:12,010::train::INFO] epoch: 3/60, avg epoch loss: 9.112833, time: 13 mins 7.0 secs
[2024-08-17 15:26:12,010::train::INFO] ********* Epoch 4 *********
[2024-08-17 15:27:22,078::train::INFO] epoch: 4/60, iters: 200/750, loss: 9.098849
[2024-08-17 15:28:31,895::train::INFO] epoch: 4/60, iters: 400/750, loss: 9.102794
[2024-08-17 15:29:41,936::train::INFO] epoch: 4/60, iters: 600/750, loss: 9.104875
[2024-08-17 15:30:34,416::train::INFO] epoch: 4/60, avg epoch loss: 9.098735, time: 17 mins 29.4 secs
[2024-08-17 15:30:34,416::train::INFO] ********* Epoch 5 *********
[2024-08-17 15:31:44,614::train::INFO] epoch: 5/60, iters: 200/750, loss: 9.106235
[2024-08-17 15:32:55,038::train::INFO] epoch: 5/60, iters: 400/750, loss: 9.097007
[2024-08-17 15:34:05,384::train::INFO] epoch: 5/60, iters: 600/750, loss: 9.099867
[2024-08-17 15:34:57,772::train::INFO] epoch: 5/60, avg epoch loss: 9.093454, time: 21 mins 52.8 secs
[2024-08-17 15:34:57,772::train::INFO] ********* Epoch 6 *********
[2024-08-17 15:36:08,400::train::INFO] epoch: 6/60, iters: 200/750, loss: 9.085881
[2024-08-17 15:37:18,738::train::INFO] epoch: 6/60, iters: 400/750, loss: 9.077864
[2024-08-17 15:38:29,108::train::INFO] epoch: 6/60, iters: 600/750, loss: 9.083420
[2024-08-17 15:39:21,483::train::INFO] epoch: 6/60, avg epoch loss: 9.082587, time: 26 mins 16.5 secs
[2024-08-17 15:39:21,483::train::INFO] ********* Epoch 7 *********
[2024-08-17 15:40:31,912::train::INFO] epoch: 7/60, iters: 200/750, loss: 9.104750
[2024-08-17 15:41:42,474::train::INFO] epoch: 7/60, iters: 400/750, loss: 9.086534
[2024-08-17 15:42:52,824::train::INFO] epoch: 7/60, iters: 600/750, loss: 9.087785
[2024-08-17 15:43:45,597::train::INFO] epoch: 7/60, avg epoch loss: 9.083870, time: 30 mins 40.6 secs
[2024-08-17 15:43:45,597::train::INFO] ********* Epoch 8 *********
[2024-08-17 15:44:56,051::train::INFO] epoch: 8/60, iters: 200/750, loss: 9.084486
[2024-08-17 15:46:06,234::train::INFO] epoch: 8/60, iters: 400/750, loss: 9.074275
[2024-08-17 15:47:16,544::train::INFO] epoch: 8/60, iters: 600/750, loss: 9.068684
[2024-08-17 15:48:08,772::train::INFO] epoch: 8/60, avg epoch loss: 9.066759, time: 35 mins 3.8 secs
[2024-08-17 15:48:08,773::train::INFO] ********* Epoch 9 *********
[2024-08-17 15:49:18,712::train::INFO] epoch: 9/60, iters: 200/750, loss: 9.085260
[2024-08-17 15:50:28,900::train::INFO] epoch: 9/60, iters: 400/750, loss: 9.073167
[2024-08-17 15:51:39,099::train::INFO] epoch: 9/60, iters: 600/750, loss: 9.070183
[2024-08-17 15:52:31,552::train::INFO] epoch: 9/60, avg epoch loss: 9.067563, time: 39 mins 26.6 secs
[2024-08-17 15:52:31,552::train::INFO] ********* Epoch 10 *********
[2024-08-17 15:53:41,853::train::INFO] epoch: 10/60, iters: 200/750, loss: 9.047498
[2024-08-17 15:54:51,538::train::INFO] epoch: 10/60, iters: 400/750, loss: 9.031743
[2024-08-17 15:56:01,422::train::INFO] epoch: 10/60, iters: 600/750, loss: 9.024559
[2024-08-17 15:56:53,844::train::INFO] epoch: 10/60, avg epoch loss: 9.023945, time: 43 mins 48.9 secs
[2024-08-17 15:56:53,885::train::INFO] ********* Epoch 11 *********
[2024-08-17 15:58:04,020::train::INFO] epoch: 11/60, iters: 200/750, loss: 9.018408
[2024-08-17 15:59:14,181::train::INFO] epoch: 11/60, iters: 400/750, loss: 9.006378
[2024-08-17 16:00:24,071::train::INFO] epoch: 11/60, iters: 600/750, loss: 9.004916
[2024-08-17 16:01:16,243::train::INFO] epoch: 11/60, avg epoch loss: 9.000704, time: 48 mins 11.3 secs
[2024-08-17 16:01:16,243::train::INFO] ********* Epoch 12 *********
[2024-08-17 16:02:26,016::train::INFO] epoch: 12/60, iters: 200/750, loss: 8.975691
[2024-08-17 16:03:35,981::train::INFO] epoch: 12/60, iters: 400/750, loss: 8.977333
[2024-08-17 16:04:45,990::train::INFO] epoch: 12/60, iters: 600/750, loss: 8.975415
[2024-08-17 16:05:38,202::train::INFO] epoch: 12/60, avg epoch loss: 8.976420, time: 52 mins 33.2 secs
[2024-08-17 16:05:38,202::train::INFO] ********* Epoch 13 *********
[2024-08-17 16:06:48,338::train::INFO] epoch: 13/60, iters: 200/750, loss: 8.957197
[2024-08-17 16:07:58,302::train::INFO] epoch: 13/60, iters: 400/750, loss: 8.949000
[2024-08-17 16:09:08,144::train::INFO] epoch: 13/60, iters: 600/750, loss: 8.943606
[2024-08-17 16:10:00,329::train::INFO] epoch: 13/60, avg epoch loss: 8.938036, time: 56 mins 55.4 secs
[2024-08-17 16:10:00,329::train::INFO] ********* Epoch 14 *********
[2024-08-17 16:11:10,258::train::INFO] epoch: 14/60, iters: 200/750, loss: 8.907017
[2024-08-17 16:12:20,104::train::INFO] epoch: 14/60, iters: 400/750, loss: 8.899763
[2024-08-17 16:13:29,748::train::INFO] epoch: 14/60, iters: 600/750, loss: 8.896528
[2024-08-17 16:14:21,912::train::INFO] epoch: 14/60, avg epoch loss: 8.891410, time: 61 mins 16.9 secs
[2024-08-17 16:14:21,912::train::INFO] ********* Epoch 15 *********
[2024-08-17 16:15:32,078::train::INFO] epoch: 15/60, iters: 200/750, loss: 8.898795
[2024-08-17 16:16:42,586::train::INFO] epoch: 15/60, iters: 400/750, loss: 8.879641
[2024-08-17 16:17:52,589::train::INFO] epoch: 15/60, iters: 600/750, loss: 8.869537
[2024-08-17 16:18:45,069::train::INFO] epoch: 15/60, avg epoch loss: 8.864647, time: 65 mins 40.1 secs
[2024-08-17 16:18:45,069::train::INFO] ********* Epoch 16 *********
[2024-08-17 16:19:55,305::train::INFO] epoch: 16/60, iters: 200/750, loss: 8.844254
[2024-08-17 16:21:05,168::train::INFO] epoch: 16/60, iters: 400/750, loss: 8.820793
[2024-08-17 16:22:15,376::train::INFO] epoch: 16/60, iters: 600/750, loss: 8.805951
[2024-08-17 16:23:07,932::train::INFO] epoch: 16/60, avg epoch loss: 8.784182, time: 70 mins 3.0 secs
[2024-08-17 16:23:07,932::train::INFO] ********* Epoch 17 *********
[2024-08-17 16:24:18,211::train::INFO] epoch: 17/60, iters: 200/750, loss: 8.676142
[2024-08-17 16:25:28,127::train::INFO] epoch: 17/60, iters: 400/750, loss: 8.640242
[2024-08-17 16:26:38,013::train::INFO] epoch: 17/60, iters: 600/750, loss: 8.624055
[2024-08-17 16:27:30,538::train::INFO] epoch: 17/60, avg epoch loss: 8.609957, time: 74 mins 25.6 secs
[2024-08-17 16:27:30,538::train::INFO] ********* Epoch 18 *********
[2024-08-17 16:28:40,498::train::INFO] epoch: 18/60, iters: 200/750, loss: 8.578050
[2024-08-17 16:29:50,583::train::INFO] epoch: 18/60, iters: 400/750, loss: 8.528575
[2024-08-17 16:31:00,425::train::INFO] epoch: 18/60, iters: 600/750, loss: 8.513250
[2024-08-17 16:31:52,654::train::INFO] epoch: 18/60, avg epoch loss: 8.500118, time: 78 mins 47.7 secs
[2024-08-17 16:31:52,654::train::INFO] ********* Epoch 19 *********
[2024-08-17 16:33:02,807::train::INFO] epoch: 19/60, iters: 200/750, loss: 8.419762
[2024-08-17 16:34:12,844::train::INFO] epoch: 19/60, iters: 400/750, loss: 8.378187
[2024-08-17 16:35:22,824::train::INFO] epoch: 19/60, iters: 600/750, loss: 8.377853
[2024-08-17 16:36:15,084::train::INFO] epoch: 19/60, avg epoch loss: 8.388711, time: 83 mins 10.1 secs
[2024-08-17 16:36:15,084::train::INFO] ********* Epoch 20 *********
[2024-08-17 16:37:25,113::train::INFO] epoch: 20/60, iters: 200/750, loss: 8.347785
[2024-08-17 16:38:35,207::train::INFO] epoch: 20/60, iters: 400/750, loss: 8.337822
[2024-08-17 16:39:45,273::train::INFO] epoch: 20/60, iters: 600/750, loss: 8.329426
[2024-08-17 16:40:37,732::train::INFO] epoch: 20/60, avg epoch loss: 8.328373, time: 87 mins 32.8 secs
[2024-08-17 16:40:37,741::train::INFO] ********* Epoch 21 *********
[2024-08-17 16:41:47,956::train::INFO] epoch: 21/60, iters: 200/750, loss: 8.239739
[2024-08-17 16:42:58,049::train::INFO] epoch: 21/60, iters: 400/750, loss: 8.180162
[2024-08-17 16:44:07,724::train::INFO] epoch: 21/60, iters: 600/750, loss: 8.159291
[2024-08-17 16:45:00,227::train::INFO] epoch: 21/60, avg epoch loss: 8.133173, time: 91 mins 55.3 secs
[2024-08-17 16:45:00,227::train::INFO] ********* Epoch 22 *********
[2024-08-17 16:46:10,202::train::INFO] epoch: 22/60, iters: 200/750, loss: 8.047257
[2024-08-17 16:47:20,084::train::INFO] epoch: 22/60, iters: 400/750, loss: 8.018026
[2024-08-17 16:48:30,000::train::INFO] epoch: 22/60, iters: 600/750, loss: 8.020186
[2024-08-17 16:49:22,581::train::INFO] epoch: 22/60, avg epoch loss: 8.011197, time: 96 mins 17.6 secs
[2024-08-17 16:49:22,581::train::INFO] ********* Epoch 23 *********
[2024-08-17 16:50:32,763::train::INFO] epoch: 23/60, iters: 200/750, loss: 7.997429
[2024-08-17 16:51:42,752::train::INFO] epoch: 23/60, iters: 400/750, loss: 7.987409
[2024-08-17 16:52:52,706::train::INFO] epoch: 23/60, iters: 600/750, loss: 7.979237
[2024-08-17 16:53:45,199::train::INFO] epoch: 23/60, avg epoch loss: 7.981397, time: 100 mins 40.2 secs
[2024-08-17 16:53:45,199::train::INFO] ********* Epoch 24 *********
[2024-08-17 16:54:55,318::train::INFO] epoch: 24/60, iters: 200/750, loss: 8.015910
[2024-08-17 16:56:05,477::train::INFO] epoch: 24/60, iters: 400/750, loss: 7.973378
[2024-08-17 16:57:15,764::train::INFO] epoch: 24/60, iters: 600/750, loss: 7.958829
[2024-08-17 16:58:08,163::train::INFO] epoch: 24/60, avg epoch loss: 7.943605, time: 105 mins 3.2 secs
[2024-08-17 16:58:08,163::train::INFO] ********* Epoch 25 *********
[2024-08-17 16:59:18,514::train::INFO] epoch: 25/60, iters: 200/750, loss: 7.983727
[2024-08-17 17:00:28,570::train::INFO] epoch: 25/60, iters: 400/750, loss: 7.936473
[2024-08-17 17:01:38,683::train::INFO] epoch: 25/60, iters: 600/750, loss: 7.932358
[2024-08-17 17:02:31,196::train::INFO] epoch: 25/60, avg epoch loss: 7.922646, time: 109 mins 26.2 secs
[2024-08-17 17:02:31,196::train::INFO] ********* Epoch 26 *********
[2024-08-17 17:03:40,996::train::INFO] epoch: 26/60, iters: 200/750, loss: 7.911258
[2024-08-17 17:04:50,824::train::INFO] epoch: 26/60, iters: 400/750, loss: 7.919506
[2024-08-17 17:06:00,660::train::INFO] epoch: 26/60, iters: 600/750, loss: 7.916045
[2024-08-17 17:06:53,037::train::INFO] epoch: 26/60, avg epoch loss: 7.911868, time: 113 mins 48.1 secs
[2024-08-17 17:06:53,037::train::INFO] ********* Epoch 27 *********
[2024-08-17 17:08:03,053::train::INFO] epoch: 27/60, iters: 200/750, loss: 7.834733
[2024-08-17 17:09:13,125::train::INFO] epoch: 27/60, iters: 400/750, loss: 7.839066
[2024-08-17 17:10:23,196::train::INFO] epoch: 27/60, iters: 600/750, loss: 7.863305
[2024-08-17 17:11:15,644::train::INFO] epoch: 27/60, avg epoch loss: 7.875732, time: 118 mins 10.7 secs
[2024-08-17 17:11:15,645::train::INFO] ********* Epoch 28 *********
[2024-08-17 17:12:26,135::train::INFO] epoch: 28/60, iters: 200/750, loss: 7.888525
[2024-08-17 17:13:36,185::train::INFO] epoch: 28/60, iters: 400/750, loss: 7.879805
[2024-08-17 17:14:46,144::train::INFO] epoch: 28/60, iters: 600/750, loss: 7.882647
[2024-08-17 17:15:38,392::train::INFO] epoch: 28/60, avg epoch loss: 7.875922, time: 122 mins 33.4 secs
[2024-08-17 17:15:38,392::train::INFO] ********* Epoch 29 *********
[2024-08-17 17:16:48,617::train::INFO] epoch: 29/60, iters: 200/750, loss: 7.844004
[2024-08-17 17:17:58,785::train::INFO] epoch: 29/60, iters: 400/750, loss: 7.819600
[2024-08-17 17:19:09,225::train::INFO] epoch: 29/60, iters: 600/750, loss: 7.851376
[2024-08-17 17:20:01,728::train::INFO] epoch: 29/60, avg epoch loss: 7.862624, time: 126 mins 56.8 secs
[2024-08-17 17:20:01,728::train::INFO] ********* Epoch 30 *********
[2024-08-17 17:21:11,768::train::INFO] epoch: 30/60, iters: 200/750, loss: 7.884820
[2024-08-17 17:22:21,842::train::INFO] epoch: 30/60, iters: 400/750, loss: 7.875167
[2024-08-17 17:23:31,686::train::INFO] epoch: 30/60, iters: 600/750, loss: 7.877925
[2024-08-17 17:24:24,130::train::INFO] epoch: 30/60, avg epoch loss: 7.874423, time: 131 mins 19.2 secs
[2024-08-17 17:24:24,139::train::INFO] ********* Epoch 31 *********
[2024-08-17 17:25:34,152::train::INFO] epoch: 31/60, iters: 200/750, loss: 7.867626
[2024-08-17 17:26:44,165::train::INFO] epoch: 31/60, iters: 400/750, loss: 7.836532
[2024-08-17 17:27:54,236::train::INFO] epoch: 31/60, iters: 600/750, loss: 7.840245
[2024-08-17 17:28:46,505::train::INFO] epoch: 31/60, avg epoch loss: 7.841885, time: 135 mins 41.5 secs
[2024-08-17 17:28:46,505::train::INFO] ********* Epoch 32 *********
[2024-08-17 17:29:56,501::train::INFO] epoch: 32/60, iters: 200/750, loss: 7.856882
[2024-08-17 17:31:06,534::train::INFO] epoch: 32/60, iters: 400/750, loss: 7.847702
[2024-08-17 17:32:16,476::train::INFO] epoch: 32/60, iters: 600/750, loss: 7.843992
[2024-08-17 17:33:08,912::train::INFO] epoch: 32/60, avg epoch loss: 7.855828, time: 140 mins 3.9 secs
[2024-08-17 17:33:08,912::train::INFO] ********* Epoch 33 *********
[2024-08-17 17:34:18,949::train::INFO] epoch: 33/60, iters: 200/750, loss: 7.826829
[2024-08-17 17:35:28,716::train::INFO] epoch: 33/60, iters: 400/750, loss: 7.846607
[2024-08-17 17:36:39,331::train::INFO] epoch: 33/60, iters: 600/750, loss: 7.846773
[2024-08-17 17:37:31,625::train::INFO] epoch: 33/60, avg epoch loss: 7.842239, time: 144 mins 26.7 secs
[2024-08-17 17:37:31,625::train::INFO] ********* Epoch 34 *********
[2024-08-17 17:38:41,781::train::INFO] epoch: 34/60, iters: 200/750, loss: 7.789320
[2024-08-17 17:39:51,801::train::INFO] epoch: 34/60, iters: 400/750, loss: 7.786757
[2024-08-17 17:41:01,821::train::INFO] epoch: 34/60, iters: 600/750, loss: 7.798954
[2024-08-17 17:41:54,214::train::INFO] epoch: 34/60, avg epoch loss: 7.795980, time: 148 mins 49.2 secs
[2024-08-17 17:41:54,215::train::INFO] ********* Epoch 35 *********
[2024-08-17 17:43:04,390::train::INFO] epoch: 35/60, iters: 200/750, loss: 7.784148
[2024-08-17 17:44:14,401::train::INFO] epoch: 35/60, iters: 400/750, loss: 7.765489
[2024-08-17 17:45:24,112::train::INFO] epoch: 35/60, iters: 600/750, loss: 7.786003
[2024-08-17 17:46:16,553::train::INFO] epoch: 35/60, avg epoch loss: 7.778797, time: 153 mins 11.6 secs
[2024-08-17 17:46:16,553::train::INFO] ********* Epoch 36 *********
[2024-08-17 17:47:26,753::train::INFO] epoch: 36/60, iters: 200/750, loss: 7.798613
[2024-08-17 17:48:36,977::train::INFO] epoch: 36/60, iters: 400/750, loss: 7.776788
[2024-08-17 17:49:46,508::train::INFO] epoch: 36/60, iters: 600/750, loss: 7.775329
[2024-08-17 17:50:38,944::train::INFO] epoch: 36/60, avg epoch loss: 7.761281, time: 157 mins 34.0 secs
[2024-08-17 17:50:38,944::train::INFO] ********* Epoch 37 *********
[2024-08-17 17:51:48,974::train::INFO] epoch: 37/60, iters: 200/750, loss: 7.766197
[2024-08-17 17:52:58,693::train::INFO] epoch: 37/60, iters: 400/750, loss: 7.757559
[2024-08-17 17:54:08,566::train::INFO] epoch: 37/60, iters: 600/750, loss: 7.757126
[2024-08-17 17:55:00,859::train::INFO] epoch: 37/60, avg epoch loss: 7.742101, time: 161 mins 55.9 secs
[2024-08-17 17:55:00,859::train::INFO] ********* Epoch 38 *********
[2024-08-17 17:56:11,282::train::INFO] epoch: 38/60, iters: 200/750, loss: 7.694407
[2024-08-17 17:57:20,992::train::INFO] epoch: 38/60, iters: 400/750, loss: 7.686559
[2024-08-17 17:58:30,789::train::INFO] epoch: 38/60, iters: 600/750, loss: 7.706417
[2024-08-17 17:59:23,125::train::INFO] epoch: 38/60, avg epoch loss: 7.696330, time: 166 mins 18.2 secs
[2024-08-17 17:59:23,126::train::INFO] ********* Epoch 39 *********
[2024-08-17 18:00:33,064::train::INFO] epoch: 39/60, iters: 200/750, loss: 7.648656
[2024-08-17 18:01:42,986::train::INFO] epoch: 39/60, iters: 400/750, loss: 7.641036
[2024-08-17 18:02:52,892::train::INFO] epoch: 39/60, iters: 600/750, loss: 7.653868
[2024-08-17 18:03:45,321::train::INFO] epoch: 39/60, avg epoch loss: 7.648679, time: 170 mins 40.4 secs
[2024-08-17 18:03:45,321::train::INFO] ********* Epoch 40 *********
[2024-08-17 18:04:55,161::train::INFO] epoch: 40/60, iters: 200/750, loss: 7.666498
[2024-08-17 18:06:05,047::train::INFO] epoch: 40/60, iters: 400/750, loss: 7.610857
[2024-08-17 18:07:14,949::train::INFO] epoch: 40/60, iters: 600/750, loss: 7.623033
[2024-08-17 18:08:07,422::train::INFO] epoch: 40/60, avg epoch loss: 7.624576, time: 175 mins 2.5 secs
[2024-08-17 18:08:07,431::train::INFO] ********* Epoch 41 *********
[2024-08-17 18:09:17,399::train::INFO] epoch: 41/60, iters: 200/750, loss: 7.501253
[2024-08-17 18:10:27,284::train::INFO] epoch: 41/60, iters: 400/750, loss: 7.496686
[2024-08-17 18:11:37,143::train::INFO] epoch: 41/60, iters: 600/750, loss: 7.514351
[2024-08-17 18:12:29,164::train::INFO] epoch: 41/60, avg epoch loss: 7.505891, time: 179 mins 24.2 secs
[2024-08-17 18:12:29,165::train::INFO] ********* Epoch 42 *********
[2024-08-17 18:13:39,077::train::INFO] epoch: 42/60, iters: 200/750, loss: 7.479476
[2024-08-17 18:14:49,115::train::INFO] epoch: 42/60, iters: 400/750, loss: 7.488199
[2024-08-17 18:15:58,986::train::INFO] epoch: 42/60, iters: 600/750, loss: 7.497246
[2024-08-17 18:16:51,417::train::INFO] epoch: 42/60, avg epoch loss: 7.495970, time: 183 mins 46.5 secs
[2024-08-17 18:16:51,417::train::INFO] ********* Epoch 43 *********
[2024-08-17 18:18:01,136::train::INFO] epoch: 43/60, iters: 200/750, loss: 7.464433
[2024-08-17 18:19:10,928::train::INFO] epoch: 43/60, iters: 400/750, loss: 7.438675
[2024-08-17 18:20:20,746::train::INFO] epoch: 43/60, iters: 600/750, loss: 7.445738
[2024-08-17 18:21:13,212::train::INFO] epoch: 43/60, avg epoch loss: 7.440516, time: 188 mins 8.2 secs
[2024-08-17 18:21:13,212::train::INFO] ********* Epoch 44 *********
[2024-08-17 18:22:23,186::train::INFO] epoch: 44/60, iters: 200/750, loss: 7.458873
[2024-08-17 18:23:32,837::train::INFO] epoch: 44/60, iters: 400/750, loss: 7.437161
[2024-08-17 18:24:42,903::train::INFO] epoch: 44/60, iters: 600/750, loss: 7.438419
[2024-08-17 18:25:35,274::train::INFO] epoch: 44/60, avg epoch loss: 7.435677, time: 192 mins 30.3 secs
[2024-08-17 18:25:35,275::train::INFO] ********* Epoch 45 *********
[2024-08-17 18:26:44,910::train::INFO] epoch: 45/60, iters: 200/750, loss: 7.461768
[2024-08-17 18:27:54,683::train::INFO] epoch: 45/60, iters: 400/750, loss: 7.449111
[2024-08-17 18:29:04,610::train::INFO] epoch: 45/60, iters: 600/750, loss: 7.454867
[2024-08-17 18:29:56,847::train::INFO] epoch: 45/60, avg epoch loss: 7.444070, time: 196 mins 51.9 secs
[2024-08-17 18:29:56,847::train::INFO] ********* Epoch 46 *********
[2024-08-17 18:31:06,659::train::INFO] epoch: 46/60, iters: 200/750, loss: 7.384412
[2024-08-17 18:32:16,744::train::INFO] epoch: 46/60, iters: 400/750, loss: 7.383791
[2024-08-17 18:33:26,635::train::INFO] epoch: 46/60, iters: 600/750, loss: 7.394125
[2024-08-17 18:34:19,058::train::INFO] epoch: 46/60, avg epoch loss: 7.391274, time: 201 mins 14.1 secs
[2024-08-17 18:34:19,058::train::INFO] ********* Epoch 47 *********
[2024-08-17 18:35:28,934::train::INFO] epoch: 47/60, iters: 200/750, loss: 7.390987
[2024-08-17 18:36:38,664::train::INFO] epoch: 47/60, iters: 400/750, loss: 7.369113
[2024-08-17 18:37:48,731::train::INFO] epoch: 47/60, iters: 600/750, loss: 7.385912
[2024-08-17 18:38:40,948::train::INFO] epoch: 47/60, avg epoch loss: 7.382045, time: 205 mins 36.0 secs
[2024-08-17 18:38:40,948::train::INFO] ********* Epoch 48 *********
[2024-08-17 18:39:50,961::train::INFO] epoch: 48/60, iters: 200/750, loss: 7.420163
[2024-08-17 18:41:00,781::train::INFO] epoch: 48/60, iters: 400/750, loss: 7.412404
[2024-08-17 18:42:10,657::train::INFO] epoch: 48/60, iters: 600/750, loss: 7.400314
[2024-08-17 18:43:02,648::train::INFO] epoch: 48/60, avg epoch loss: 7.405043, time: 209 mins 57.7 secs
[2024-08-17 18:43:02,649::train::INFO] ********* Epoch 49 *********
[2024-08-17 18:44:12,547::train::INFO] epoch: 49/60, iters: 200/750, loss: 7.373815
[2024-08-17 18:45:22,513::train::INFO] epoch: 49/60, iters: 400/750, loss: 7.380868
[2024-08-17 18:46:32,318::train::INFO] epoch: 49/60, iters: 600/750, loss: 7.387975
[2024-08-17 18:47:24,510::train::INFO] epoch: 49/60, avg epoch loss: 7.387468, time: 214 mins 19.5 secs
[2024-08-17 18:47:24,510::train::INFO] ********* Epoch 50 *********
[2024-08-17 18:48:34,195::train::INFO] epoch: 50/60, iters: 200/750, loss: 7.346538
[2024-08-17 18:49:43,536::train::INFO] epoch: 50/60, iters: 400/750, loss: 7.350522
[2024-08-17 18:50:53,030::train::INFO] epoch: 50/60, iters: 600/750, loss: 7.361411
[2024-08-17 18:51:45,373::train::INFO] epoch: 50/60, avg epoch loss: 7.357745, time: 218 mins 40.4 secs
[2024-08-17 18:51:45,383::train::INFO] ********* Epoch 51 *********
[2024-08-17 18:52:55,348::train::INFO] epoch: 51/60, iters: 200/750, loss: 7.391321
[2024-08-17 18:54:05,423::train::INFO] epoch: 51/60, iters: 400/750, loss: 7.358714
[2024-08-17 18:55:15,110::train::INFO] epoch: 51/60, iters: 600/750, loss: 7.364418
[2024-08-17 18:56:07,244::train::INFO] epoch: 51/60, avg epoch loss: 7.357496, time: 223 mins 2.3 secs
[2024-08-17 18:56:07,244::train::INFO] ********* Epoch 52 *********
[2024-08-17 18:57:17,333::train::INFO] epoch: 52/60, iters: 200/750, loss: 7.338171
[2024-08-17 18:58:27,226::train::INFO] epoch: 52/60, iters: 400/750, loss: 7.336631
[2024-08-17 18:59:37,002::train::INFO] epoch: 52/60, iters: 600/750, loss: 7.345910
[2024-08-17 19:00:28,999::train::INFO] epoch: 52/60, avg epoch loss: 7.333622, time: 227 mins 24.0 secs
[2024-08-17 19:00:28,999::train::INFO] ********* Epoch 53 *********
[2024-08-17 19:01:38,946::train::INFO] epoch: 53/60, iters: 200/750, loss: 7.342590
[2024-08-17 19:02:48,827::train::INFO] epoch: 53/60, iters: 400/750, loss: 7.320612
[2024-08-17 19:03:58,545::train::INFO] epoch: 53/60, iters: 600/750, loss: 7.333000
[2024-08-17 19:04:50,745::train::INFO] epoch: 53/60, avg epoch loss: 7.328680, time: 231 mins 45.8 secs
[2024-08-17 19:04:50,745::train::INFO] ********* Epoch 54 *********
[2024-08-17 19:06:00,884::train::INFO] epoch: 54/60, iters: 200/750, loss: 7.340966
[2024-08-17 19:07:10,664::train::INFO] epoch: 54/60, iters: 400/750, loss: 7.319372
[2024-08-17 19:08:20,385::train::INFO] epoch: 54/60, iters: 600/750, loss: 7.326207
[2024-08-17 19:09:12,875::train::INFO] epoch: 54/60, avg epoch loss: 7.318120, time: 236 mins 7.9 secs
[2024-08-17 19:09:12,875::train::INFO] ********* Epoch 55 *********
[2024-08-17 19:10:23,225::train::INFO] epoch: 55/60, iters: 200/750, loss: 7.302516
[2024-08-17 19:11:33,088::train::INFO] epoch: 55/60, iters: 400/750, loss: 7.303805
[2024-08-17 19:12:42,956::train::INFO] epoch: 55/60, iters: 600/750, loss: 7.304478
[2024-08-17 19:13:34,928::train::INFO] epoch: 55/60, avg epoch loss: 7.299746, time: 240 mins 30.0 secs
[2024-08-17 19:13:34,928::train::INFO] ********* Epoch 56 *********
[2024-08-17 19:14:44,869::train::INFO] epoch: 56/60, iters: 200/750, loss: 7.306075
[2024-08-17 19:15:54,668::train::INFO] epoch: 56/60, iters: 400/750, loss: 7.296719
[2024-08-17 19:17:04,374::train::INFO] epoch: 56/60, iters: 600/750, loss: 7.292384
[2024-08-17 19:17:56,604::train::INFO] epoch: 56/60, avg epoch loss: 7.280290, time: 244 mins 51.6 secs
[2024-08-17 19:17:56,604::train::INFO] ********* Epoch 57 *********
[2024-08-17 19:19:06,674::train::INFO] epoch: 57/60, iters: 200/750, loss: 7.293897
[2024-08-17 19:20:16,353::train::INFO] epoch: 57/60, iters: 400/750, loss: 7.270250
[2024-08-17 19:21:25,925::train::INFO] epoch: 57/60, iters: 600/750, loss: 7.281528
[2024-08-17 19:22:18,256::train::INFO] epoch: 57/60, avg epoch loss: 7.279790, time: 249 mins 13.3 secs
[2024-08-17 19:22:18,257::train::INFO] ********* Epoch 58 *********
[2024-08-17 19:23:28,296::train::INFO] epoch: 58/60, iters: 200/750, loss: 7.288697
[2024-08-17 19:24:38,120::train::INFO] epoch: 58/60, iters: 400/750, loss: 7.273529
[2024-08-17 19:25:47,657::train::INFO] epoch: 58/60, iters: 600/750, loss: 7.283944
[2024-08-17 19:26:40,007::train::INFO] epoch: 58/60, avg epoch loss: 7.285019, time: 253 mins 35.0 secs
[2024-08-17 19:26:40,007::train::INFO] ********* Epoch 59 *********
[2024-08-17 19:27:49,665::train::INFO] epoch: 59/60, iters: 200/750, loss: 7.307963
[2024-08-17 19:28:59,606::train::INFO] epoch: 59/60, iters: 400/750, loss: 7.272479
[2024-08-17 19:30:09,422::train::INFO] epoch: 59/60, iters: 600/750, loss: 7.283752
[2024-08-17 19:31:01,564::train::INFO] epoch: 59/60, avg epoch loss: 7.269674, time: 257 mins 56.6 secs
[2024-08-17 19:31:01,564::train::INFO] ********* Epoch 60 *********
[2024-08-17 19:32:11,324::train::INFO] epoch: 60/60, iters: 200/750, loss: 7.260465
[2024-08-17 19:33:21,385::train::INFO] epoch: 60/60, iters: 400/750, loss: 7.237890
[2024-08-17 19:34:31,466::train::INFO] epoch: 60/60, iters: 600/750, loss: 7.245627
[2024-08-17 19:35:23,647::train::INFO] epoch: 60/60, avg epoch loss: 7.253568, time: 262 mins 18.7 secs
